<?xml version="1.0" encoding="UTF-8"?>
<testsuite xmlns:xsi="http://www.w3.org/2001/XMLSchema-instance" xsi:noNamespaceSchemaLocation="https://maven.apache.org/surefire/maven-surefire-plugin/xsd/surefire-test-report-3.0.xsd" version="3.0" name="conduitApp.ConduitTest" time="6.175" tests="1" errors="0" skipped="0" failures="0">
  <properties>
    <property name="java.specification.version" value="17"/>
    <property name="sun.cpu.isalist" value="amd64"/>
    <property name="sun.jnu.encoding" value="Cp1252"/>
    <property name="java.class.path" value="C:\Karate_Sessions\KarateDinesh\target\test-classes;C:\Karate_Sessions\KarateDinesh\target\classes;C:\Users\dkrishnakumar\.m2\repository\io\karatelabs\karate-junit5\1.5.0\karate-junit5-1.5.0.jar;C:\Users\dkrishnakumar\.m2\repository\io\karatelabs\karate-core\1.5.0\karate-core-1.5.0.jar;C:\Users\dkrishnakumar\.m2\repository\org\graalvm\js\js-scriptengine\24.0.0\js-scriptengine-24.0.0.jar;C:\Users\dkrishnakumar\.m2\repository\org\graalvm\polyglot\polyglot\24.0.0\polyglot-24.0.0.jar;C:\Users\dkrishnakumar\.m2\repository\org\graalvm\sdk\collections\24.0.0\collections-24.0.0.jar;C:\Users\dkrishnakumar\.m2\repository\org\graalvm\sdk\nativeimage\24.0.0\nativeimage-24.0.0.jar;C:\Users\dkrishnakumar\.m2\repository\org\graalvm\sdk\word\24.0.0\word-24.0.0.jar;C:\Users\dkrishnakumar\.m2\repository\org\graalvm\js\js-language\24.0.0\js-language-24.0.0.jar;C:\Users\dkrishnakumar\.m2\repository\org\graalvm\regex\regex\24.0.0\regex-24.0.0.jar;C:\Users\dkrishnakumar\.m2\repository\org\graalvm\truffle\truffle-api\24.0.0\truffle-api-24.0.0.jar;C:\Users\dkrishnakumar\.m2\repository\org\graalvm\shadowed\icu4j\24.0.0\icu4j-24.0.0.jar;C:\Users\dkrishnakumar\.m2\repository\org\thymeleaf\thymeleaf\3.1.2.RELEASE\thymeleaf-3.1.2.RELEASE.jar;C:\Users\dkrishnakumar\.m2\repository\ognl\ognl\3.3.4\ognl-3.3.4.jar;C:\Users\dkrishnakumar\.m2\repository\org\javassist\javassist\3.29.0-GA\javassist-3.29.0-GA.jar;C:\Users\dkrishnakumar\.m2\repository\org\attoparser\attoparser\2.0.7.RELEASE\attoparser-2.0.7.RELEASE.jar;C:\Users\dkrishnakumar\.m2\repository\org\unbescape\unbescape\1.1.6.RELEASE\unbescape-1.1.6.RELEASE.jar;C:\Users\dkrishnakumar\.m2\repository\com\linecorp\armeria\armeria\1.29.2\armeria-1.29.2.jar;C:\Users\dkrishnakumar\.m2\repository\com\fasterxml\jackson\core\jackson-core\2.17.1\jackson-core-2.17.1.jar;C:\Users\dkrishnakumar\.m2\repository\com\fasterxml\jackson\core\jackson-annotations\2.17.1\jackson-annotations-2.17.1.jar;C:\Users\dkrishnakumar\.m2\repository\com\fasterxml\jackson\core\jackson-databind\2.17.1\jackson-databind-2.17.1.jar;C:\Users\dkrishnakumar\.m2\repository\com\fasterxml\jackson\datatype\jackson-datatype-jdk8\2.17.1\jackson-datatype-jdk8-2.17.1.jar;C:\Users\dkrishnakumar\.m2\repository\com\fasterxml\jackson\datatype\jackson-datatype-jsr310\2.17.1\jackson-datatype-jsr310-2.17.1.jar;C:\Users\dkrishnakumar\.m2\repository\io\micrometer\micrometer-core\1.13.0\micrometer-core-1.13.0.jar;C:\Users\dkrishnakumar\.m2\repository\io\micrometer\micrometer-commons\1.13.0\micrometer-commons-1.13.0.jar;C:\Users\dkrishnakumar\.m2\repository\io\micrometer\micrometer-observation\1.13.0\micrometer-observation-1.13.0.jar;C:\Users\dkrishnakumar\.m2\repository\org\hdrhistogram\HdrHistogram\2.2.1\HdrHistogram-2.2.1.jar;C:\Users\dkrishnakumar\.m2\repository\org\latencyutils\LatencyUtils\2.0.3\LatencyUtils-2.0.3.jar;C:\Users\dkrishnakumar\.m2\repository\io\netty\netty-transport\4.1.110.Final\netty-transport-4.1.110.Final.jar;C:\Users\dkrishnakumar\.m2\repository\io\netty\netty-common\4.1.110.Final\netty-common-4.1.110.Final.jar;C:\Users\dkrishnakumar\.m2\repository\io\netty\netty-buffer\4.1.110.Final\netty-buffer-4.1.110.Final.jar;C:\Users\dkrishnakumar\.m2\repository\io\netty\netty-resolver\4.1.110.Final\netty-resolver-4.1.110.Final.jar;C:\Users\dkrishnakumar\.m2\repository\io\netty\netty-codec-haproxy\4.1.110.Final\netty-codec-haproxy-4.1.110.Final.jar;C:\Users\dkrishnakumar\.m2\repository\io\netty\netty-codec\4.1.110.Final\netty-codec-4.1.110.Final.jar;C:\Users\dkrishnakumar\.m2\repository\io\netty\netty-codec-http2\4.1.110.Final\netty-codec-http2-4.1.110.Final.jar;C:\Users\dkrishnakumar\.m2\repository\io\netty\netty-handler\4.1.110.Final\netty-handler-4.1.110.Final.jar;C:\Users\dkrishnakumar\.m2\repository\io\netty\netty-codec-http\4.1.110.Final\netty-codec-http-4.1.110.Final.jar;C:\Users\dkrishnakumar\.m2\repository\io\netty\netty-resolver-dns\4.1.110.Final\netty-resolver-dns-4.1.110.Final.jar;C:\Users\dkrishnakumar\.m2\repository\io\netty\netty-codec-dns\4.1.110.Final\netty-codec-dns-4.1.110.Final.jar;C:\Users\dkrishnakumar\.m2\repository\io\netty\netty-transport-native-unix-common\4.1.110.Final\netty-transport-native-unix-common-4.1.110.Final-linux-x86_64.jar;C:\Users\dkrishnakumar\.m2\repository\io\netty\netty-transport-native-unix-common\4.1.110.Final\netty-transport-native-unix-common-4.1.110.Final-linux-aarch_64.jar;C:\Users\dkrishnakumar\.m2\repository\io\netty\netty-transport-native-unix-common\4.1.110.Final\netty-transport-native-unix-common-4.1.110.Final-osx-x86_64.jar;C:\Users\dkrishnakumar\.m2\repository\io\netty\netty-transport-native-unix-common\4.1.110.Final\netty-transport-native-unix-common-4.1.110.Final-osx-aarch_64.jar;C:\Users\dkrishnakumar\.m2\repository\org\reactivestreams\reactive-streams\1.0.4\reactive-streams-1.0.4.jar;C:\Users\dkrishnakumar\.m2\repository\com\google\code\findbugs\jsr305\3.0.2\jsr305-3.0.2.jar;C:\Users\dkrishnakumar\.m2\repository\io\netty\netty-handler-proxy\4.1.110.Final\netty-handler-proxy-4.1.110.Final.jar;C:\Users\dkrishnakumar\.m2\repository\io\netty\netty-codec-socks\4.1.110.Final\netty-codec-socks-4.1.110.Final.jar;C:\Users\dkrishnakumar\.m2\repository\io\netty\netty-transport-native-epoll\4.1.110.Final\netty-transport-native-epoll-4.1.110.Final-linux-x86_64.jar;C:\Users\dkrishnakumar\.m2\repository\io\netty\netty-transport-native-unix-common\4.1.110.Final\netty-transport-native-unix-common-4.1.110.Final.jar;C:\Users\dkrishnakumar\.m2\repository\io\netty\netty-transport-classes-epoll\4.1.110.Final\netty-transport-classes-epoll-4.1.110.Final.jar;C:\Users\dkrishnakumar\.m2\repository\io\netty\netty-transport-native-epoll\4.1.110.Final\netty-transport-native-epoll-4.1.110.Final-linux-aarch_64.jar;C:\Users\dkrishnakumar\.m2\repository\io\netty\netty-transport-native-kqueue\4.1.110.Final\netty-transport-native-kqueue-4.1.110.Final-osx-x86_64.jar;C:\Users\dkrishnakumar\.m2\repository\io\netty\netty-transport-classes-kqueue\4.1.110.Final\netty-transport-classes-kqueue-4.1.110.Final.jar;C:\Users\dkrishnakumar\.m2\repository\io\netty\netty-resolver-dns-native-macos\4.1.110.Final\netty-resolver-dns-native-macos-4.1.110.Final-osx-x86_64.jar;C:\Users\dkrishnakumar\.m2\repository\io\netty\netty-resolver-dns-classes-macos\4.1.110.Final\netty-resolver-dns-classes-macos-4.1.110.Final.jar;C:\Users\dkrishnakumar\.m2\repository\io\netty\netty-transport-native-kqueue\4.1.110.Final\netty-transport-native-kqueue-4.1.110.Final-osx-aarch_64.jar;C:\Users\dkrishnakumar\.m2\repository\io\netty\netty-resolver-dns-native-macos\4.1.110.Final\netty-resolver-dns-native-macos-4.1.110.Final-osx-aarch_64.jar;C:\Users\dkrishnakumar\.m2\repository\io\netty\netty-tcnative-boringssl-static\2.0.65.Final\netty-tcnative-boringssl-static-2.0.65.Final-linux-x86_64.jar;C:\Users\dkrishnakumar\.m2\repository\io\netty\netty-tcnative-classes\2.0.65.Final\netty-tcnative-classes-2.0.65.Final.jar;C:\Users\dkrishnakumar\.m2\repository\io\netty\netty-tcnative-boringssl-static\2.0.65.Final\netty-tcnative-boringssl-static-2.0.65.Final-linux-aarch_64.jar;C:\Users\dkrishnakumar\.m2\repository\io\netty\netty-tcnative-boringssl-static\2.0.65.Final\netty-tcnative-boringssl-static-2.0.65.Final-osx-x86_64.jar;C:\Users\dkrishnakumar\.m2\repository\io\netty\netty-tcnative-boringssl-static\2.0.65.Final\netty-tcnative-boringssl-static-2.0.65.Final-osx-aarch_64.jar;C:\Users\dkrishnakumar\.m2\repository\io\netty\netty-tcnative-boringssl-static\2.0.65.Final\netty-tcnative-boringssl-static-2.0.65.Final-windows-x86_64.jar;C:\Users\dkrishnakumar\.m2\repository\com\aayushatharva\brotli4j\brotli4j\1.16.0\brotli4j-1.16.0.jar;C:\Users\dkrishnakumar\.m2\repository\com\aayushatharva\brotli4j\service\1.16.0\service-1.16.0.jar;C:\Users\dkrishnakumar\.m2\repository\com\aayushatharva\brotli4j\native-windows-x86_64\1.16.0\native-windows-x86_64-1.16.0.jar;C:\Users\dkrishnakumar\.m2\repository\org\apache\httpcomponents\httpclient\4.5.14\httpclient-4.5.14.jar;C:\Users\dkrishnakumar\.m2\repository\org\apache\httpcomponents\httpcore\4.4.16\httpcore-4.4.16.jar;C:\Users\dkrishnakumar\.m2\repository\commons-codec\commons-codec\1.16.1\commons-codec-1.16.1.jar;C:\Users\dkrishnakumar\.m2\repository\ch\qos\logback\logback-classic\1.5.4\logback-classic-1.5.4.jar;C:\Users\dkrishnakumar\.m2\repository\ch\qos\logback\logback-core\1.5.4\logback-core-1.5.4.jar;C:\Users\dkrishnakumar\.m2\repository\org\slf4j\jcl-over-slf4j\2.0.12\jcl-over-slf4j-2.0.12.jar;C:\Users\dkrishnakumar\.m2\repository\org\slf4j\slf4j-api\2.0.12\slf4j-api-2.0.12.jar;C:\Users\dkrishnakumar\.m2\repository\org\antlr\antlr4-runtime\4.13.1\antlr4-runtime-4.13.1.jar;C:\Users\dkrishnakumar\.m2\repository\com\jayway\jsonpath\json-path\2.9.0\json-path-2.9.0.jar;C:\Users\dkrishnakumar\.m2\repository\net\minidev\json-smart\2.5.1\json-smart-2.5.1.jar;C:\Users\dkrishnakumar\.m2\repository\net\minidev\accessors-smart\2.5.1\accessors-smart-2.5.1.jar;C:\Users\dkrishnakumar\.m2\repository\org\ow2\asm\asm\9.6\asm-9.6.jar;C:\Users\dkrishnakumar\.m2\repository\org\yaml\snakeyaml\2.2\snakeyaml-2.2.jar;C:\Users\dkrishnakumar\.m2\repository\de\siegmar\fastcsv\3.1.0\fastcsv-3.1.0.jar;C:\Users\dkrishnakumar\.m2\repository\info\picocli\picocli\4.7.5\picocli-4.7.5.jar;C:\Users\dkrishnakumar\.m2\repository\io\github\classgraph\classgraph\4.8.170\classgraph-4.8.170.jar;C:\Users\dkrishnakumar\.m2\repository\io\github\t12y\resemble\1.1.0\resemble-1.1.0.jar;C:\Users\dkrishnakumar\.m2\repository\io\github\t12y\ssim\1.0.0\ssim-1.0.0.jar;C:\Users\dkrishnakumar\.m2\repository\org\junit\jupiter\junit-jupiter-api\5.10.2\junit-jupiter-api-5.10.2.jar;C:\Users\dkrishnakumar\.m2\repository\org\opentest4j\opentest4j\1.3.0\opentest4j-1.3.0.jar;C:\Users\dkrishnakumar\.m2\repository\org\junit\platform\junit-platform-commons\1.10.2\junit-platform-commons-1.10.2.jar;C:\Users\dkrishnakumar\.m2\repository\org\apiguardian\apiguardian-api\1.1.2\apiguardian-api-1.1.2.jar;C:\Users\dkrishnakumar\.m2\repository\org\junit\jupiter\junit-jupiter-engine\5.10.2\junit-jupiter-engine-5.10.2.jar;C:\Users\dkrishnakumar\.m2\repository\org\junit\platform\junit-platform-engine\1.10.2\junit-platform-engine-1.10.2.jar;C:\Users\dkrishnakumar\.m2\repository\com\github\javafaker\javafaker\1.0.2\javafaker-1.0.2.jar;C:\Users\dkrishnakumar\.m2\repository\org\apache\commons\commons-lang3\3.5\commons-lang3-3.5.jar;C:\Users\dkrishnakumar\.m2\repository\org\yaml\snakeyaml\1.23\snakeyaml-1.23-android.jar;C:\Users\dkrishnakumar\.m2\repository\com\github\mifmif\generex\1.0.2\generex-1.0.2.jar;C:\Users\dkrishnakumar\.m2\repository\dk\brics\automaton\automaton\1.11-8\automaton-1.11-8.jar;"/>
    <property name="java.vm.vendor" value="Oracle Corporation"/>
    <property name="sun.arch.data.model" value="64"/>
    <property name="user.variant" value=""/>
    <property name="java.vendor.url" value="https://java.oracle.com/"/>
    <property name="user.timezone" value="Europe/Paris"/>
    <property name="os.name" value="Windows 10"/>
    <property name="java.vm.specification.version" value="17"/>
    <property name="sun.java.launcher" value="SUN_STANDARD"/>
    <property name="user.country" value="FR"/>
    <property name="sun.boot.library.path" value="C:\Program Files\Java\jdk-17\bin"/>
    <property name="sun.java.command" value="C:\Users\dkrishnakumar\AppData\Local\Temp\surefire17949241577278370400\surefirebooter-20241113182652005_3.jar C:\Users\dkrishnakumar\AppData\Local\Temp\surefire17949241577278370400 2024-11-13T18-26-51_739-jvmRun1 surefire-20241113182652005_1tmp surefire_0-20241113182652005_2tmp"/>
    <property name="jdk.debug" value="release"/>
    <property name="surefire.test.class.path" value="C:\Karate_Sessions\KarateDinesh\target\test-classes;C:\Karate_Sessions\KarateDinesh\target\classes;C:\Users\dkrishnakumar\.m2\repository\io\karatelabs\karate-junit5\1.5.0\karate-junit5-1.5.0.jar;C:\Users\dkrishnakumar\.m2\repository\io\karatelabs\karate-core\1.5.0\karate-core-1.5.0.jar;C:\Users\dkrishnakumar\.m2\repository\org\graalvm\js\js-scriptengine\24.0.0\js-scriptengine-24.0.0.jar;C:\Users\dkrishnakumar\.m2\repository\org\graalvm\polyglot\polyglot\24.0.0\polyglot-24.0.0.jar;C:\Users\dkrishnakumar\.m2\repository\org\graalvm\sdk\collections\24.0.0\collections-24.0.0.jar;C:\Users\dkrishnakumar\.m2\repository\org\graalvm\sdk\nativeimage\24.0.0\nativeimage-24.0.0.jar;C:\Users\dkrishnakumar\.m2\repository\org\graalvm\sdk\word\24.0.0\word-24.0.0.jar;C:\Users\dkrishnakumar\.m2\repository\org\graalvm\js\js-language\24.0.0\js-language-24.0.0.jar;C:\Users\dkrishnakumar\.m2\repository\org\graalvm\regex\regex\24.0.0\regex-24.0.0.jar;C:\Users\dkrishnakumar\.m2\repository\org\graalvm\truffle\truffle-api\24.0.0\truffle-api-24.0.0.jar;C:\Users\dkrishnakumar\.m2\repository\org\graalvm\shadowed\icu4j\24.0.0\icu4j-24.0.0.jar;C:\Users\dkrishnakumar\.m2\repository\org\thymeleaf\thymeleaf\3.1.2.RELEASE\thymeleaf-3.1.2.RELEASE.jar;C:\Users\dkrishnakumar\.m2\repository\ognl\ognl\3.3.4\ognl-3.3.4.jar;C:\Users\dkrishnakumar\.m2\repository\org\javassist\javassist\3.29.0-GA\javassist-3.29.0-GA.jar;C:\Users\dkrishnakumar\.m2\repository\org\attoparser\attoparser\2.0.7.RELEASE\attoparser-2.0.7.RELEASE.jar;C:\Users\dkrishnakumar\.m2\repository\org\unbescape\unbescape\1.1.6.RELEASE\unbescape-1.1.6.RELEASE.jar;C:\Users\dkrishnakumar\.m2\repository\com\linecorp\armeria\armeria\1.29.2\armeria-1.29.2.jar;C:\Users\dkrishnakumar\.m2\repository\com\fasterxml\jackson\core\jackson-core\2.17.1\jackson-core-2.17.1.jar;C:\Users\dkrishnakumar\.m2\repository\com\fasterxml\jackson\core\jackson-annotations\2.17.1\jackson-annotations-2.17.1.jar;C:\Users\dkrishnakumar\.m2\repository\com\fasterxml\jackson\core\jackson-databind\2.17.1\jackson-databind-2.17.1.jar;C:\Users\dkrishnakumar\.m2\repository\com\fasterxml\jackson\datatype\jackson-datatype-jdk8\2.17.1\jackson-datatype-jdk8-2.17.1.jar;C:\Users\dkrishnakumar\.m2\repository\com\fasterxml\jackson\datatype\jackson-datatype-jsr310\2.17.1\jackson-datatype-jsr310-2.17.1.jar;C:\Users\dkrishnakumar\.m2\repository\io\micrometer\micrometer-core\1.13.0\micrometer-core-1.13.0.jar;C:\Users\dkrishnakumar\.m2\repository\io\micrometer\micrometer-commons\1.13.0\micrometer-commons-1.13.0.jar;C:\Users\dkrishnakumar\.m2\repository\io\micrometer\micrometer-observation\1.13.0\micrometer-observation-1.13.0.jar;C:\Users\dkrishnakumar\.m2\repository\org\hdrhistogram\HdrHistogram\2.2.1\HdrHistogram-2.2.1.jar;C:\Users\dkrishnakumar\.m2\repository\org\latencyutils\LatencyUtils\2.0.3\LatencyUtils-2.0.3.jar;C:\Users\dkrishnakumar\.m2\repository\io\netty\netty-transport\4.1.110.Final\netty-transport-4.1.110.Final.jar;C:\Users\dkrishnakumar\.m2\repository\io\netty\netty-common\4.1.110.Final\netty-common-4.1.110.Final.jar;C:\Users\dkrishnakumar\.m2\repository\io\netty\netty-buffer\4.1.110.Final\netty-buffer-4.1.110.Final.jar;C:\Users\dkrishnakumar\.m2\repository\io\netty\netty-resolver\4.1.110.Final\netty-resolver-4.1.110.Final.jar;C:\Users\dkrishnakumar\.m2\repository\io\netty\netty-codec-haproxy\4.1.110.Final\netty-codec-haproxy-4.1.110.Final.jar;C:\Users\dkrishnakumar\.m2\repository\io\netty\netty-codec\4.1.110.Final\netty-codec-4.1.110.Final.jar;C:\Users\dkrishnakumar\.m2\repository\io\netty\netty-codec-http2\4.1.110.Final\netty-codec-http2-4.1.110.Final.jar;C:\Users\dkrishnakumar\.m2\repository\io\netty\netty-handler\4.1.110.Final\netty-handler-4.1.110.Final.jar;C:\Users\dkrishnakumar\.m2\repository\io\netty\netty-codec-http\4.1.110.Final\netty-codec-http-4.1.110.Final.jar;C:\Users\dkrishnakumar\.m2\repository\io\netty\netty-resolver-dns\4.1.110.Final\netty-resolver-dns-4.1.110.Final.jar;C:\Users\dkrishnakumar\.m2\repository\io\netty\netty-codec-dns\4.1.110.Final\netty-codec-dns-4.1.110.Final.jar;C:\Users\dkrishnakumar\.m2\repository\io\netty\netty-transport-native-unix-common\4.1.110.Final\netty-transport-native-unix-common-4.1.110.Final-linux-x86_64.jar;C:\Users\dkrishnakumar\.m2\repository\io\netty\netty-transport-native-unix-common\4.1.110.Final\netty-transport-native-unix-common-4.1.110.Final-linux-aarch_64.jar;C:\Users\dkrishnakumar\.m2\repository\io\netty\netty-transport-native-unix-common\4.1.110.Final\netty-transport-native-unix-common-4.1.110.Final-osx-x86_64.jar;C:\Users\dkrishnakumar\.m2\repository\io\netty\netty-transport-native-unix-common\4.1.110.Final\netty-transport-native-unix-common-4.1.110.Final-osx-aarch_64.jar;C:\Users\dkrishnakumar\.m2\repository\org\reactivestreams\reactive-streams\1.0.4\reactive-streams-1.0.4.jar;C:\Users\dkrishnakumar\.m2\repository\com\google\code\findbugs\jsr305\3.0.2\jsr305-3.0.2.jar;C:\Users\dkrishnakumar\.m2\repository\io\netty\netty-handler-proxy\4.1.110.Final\netty-handler-proxy-4.1.110.Final.jar;C:\Users\dkrishnakumar\.m2\repository\io\netty\netty-codec-socks\4.1.110.Final\netty-codec-socks-4.1.110.Final.jar;C:\Users\dkrishnakumar\.m2\repository\io\netty\netty-transport-native-epoll\4.1.110.Final\netty-transport-native-epoll-4.1.110.Final-linux-x86_64.jar;C:\Users\dkrishnakumar\.m2\repository\io\netty\netty-transport-native-unix-common\4.1.110.Final\netty-transport-native-unix-common-4.1.110.Final.jar;C:\Users\dkrishnakumar\.m2\repository\io\netty\netty-transport-classes-epoll\4.1.110.Final\netty-transport-classes-epoll-4.1.110.Final.jar;C:\Users\dkrishnakumar\.m2\repository\io\netty\netty-transport-native-epoll\4.1.110.Final\netty-transport-native-epoll-4.1.110.Final-linux-aarch_64.jar;C:\Users\dkrishnakumar\.m2\repository\io\netty\netty-transport-native-kqueue\4.1.110.Final\netty-transport-native-kqueue-4.1.110.Final-osx-x86_64.jar;C:\Users\dkrishnakumar\.m2\repository\io\netty\netty-transport-classes-kqueue\4.1.110.Final\netty-transport-classes-kqueue-4.1.110.Final.jar;C:\Users\dkrishnakumar\.m2\repository\io\netty\netty-resolver-dns-native-macos\4.1.110.Final\netty-resolver-dns-native-macos-4.1.110.Final-osx-x86_64.jar;C:\Users\dkrishnakumar\.m2\repository\io\netty\netty-resolver-dns-classes-macos\4.1.110.Final\netty-resolver-dns-classes-macos-4.1.110.Final.jar;C:\Users\dkrishnakumar\.m2\repository\io\netty\netty-transport-native-kqueue\4.1.110.Final\netty-transport-native-kqueue-4.1.110.Final-osx-aarch_64.jar;C:\Users\dkrishnakumar\.m2\repository\io\netty\netty-resolver-dns-native-macos\4.1.110.Final\netty-resolver-dns-native-macos-4.1.110.Final-osx-aarch_64.jar;C:\Users\dkrishnakumar\.m2\repository\io\netty\netty-tcnative-boringssl-static\2.0.65.Final\netty-tcnative-boringssl-static-2.0.65.Final-linux-x86_64.jar;C:\Users\dkrishnakumar\.m2\repository\io\netty\netty-tcnative-classes\2.0.65.Final\netty-tcnative-classes-2.0.65.Final.jar;C:\Users\dkrishnakumar\.m2\repository\io\netty\netty-tcnative-boringssl-static\2.0.65.Final\netty-tcnative-boringssl-static-2.0.65.Final-linux-aarch_64.jar;C:\Users\dkrishnakumar\.m2\repository\io\netty\netty-tcnative-boringssl-static\2.0.65.Final\netty-tcnative-boringssl-static-2.0.65.Final-osx-x86_64.jar;C:\Users\dkrishnakumar\.m2\repository\io\netty\netty-tcnative-boringssl-static\2.0.65.Final\netty-tcnative-boringssl-static-2.0.65.Final-osx-aarch_64.jar;C:\Users\dkrishnakumar\.m2\repository\io\netty\netty-tcnative-boringssl-static\2.0.65.Final\netty-tcnative-boringssl-static-2.0.65.Final-windows-x86_64.jar;C:\Users\dkrishnakumar\.m2\repository\com\aayushatharva\brotli4j\brotli4j\1.16.0\brotli4j-1.16.0.jar;C:\Users\dkrishnakumar\.m2\repository\com\aayushatharva\brotli4j\service\1.16.0\service-1.16.0.jar;C:\Users\dkrishnakumar\.m2\repository\com\aayushatharva\brotli4j\native-windows-x86_64\1.16.0\native-windows-x86_64-1.16.0.jar;C:\Users\dkrishnakumar\.m2\repository\org\apache\httpcomponents\httpclient\4.5.14\httpclient-4.5.14.jar;C:\Users\dkrishnakumar\.m2\repository\org\apache\httpcomponents\httpcore\4.4.16\httpcore-4.4.16.jar;C:\Users\dkrishnakumar\.m2\repository\commons-codec\commons-codec\1.16.1\commons-codec-1.16.1.jar;C:\Users\dkrishnakumar\.m2\repository\ch\qos\logback\logback-classic\1.5.4\logback-classic-1.5.4.jar;C:\Users\dkrishnakumar\.m2\repository\ch\qos\logback\logback-core\1.5.4\logback-core-1.5.4.jar;C:\Users\dkrishnakumar\.m2\repository\org\slf4j\jcl-over-slf4j\2.0.12\jcl-over-slf4j-2.0.12.jar;C:\Users\dkrishnakumar\.m2\repository\org\slf4j\slf4j-api\2.0.12\slf4j-api-2.0.12.jar;C:\Users\dkrishnakumar\.m2\repository\org\antlr\antlr4-runtime\4.13.1\antlr4-runtime-4.13.1.jar;C:\Users\dkrishnakumar\.m2\repository\com\jayway\jsonpath\json-path\2.9.0\json-path-2.9.0.jar;C:\Users\dkrishnakumar\.m2\repository\net\minidev\json-smart\2.5.1\json-smart-2.5.1.jar;C:\Users\dkrishnakumar\.m2\repository\net\minidev\accessors-smart\2.5.1\accessors-smart-2.5.1.jar;C:\Users\dkrishnakumar\.m2\repository\org\ow2\asm\asm\9.6\asm-9.6.jar;C:\Users\dkrishnakumar\.m2\repository\org\yaml\snakeyaml\2.2\snakeyaml-2.2.jar;C:\Users\dkrishnakumar\.m2\repository\de\siegmar\fastcsv\3.1.0\fastcsv-3.1.0.jar;C:\Users\dkrishnakumar\.m2\repository\info\picocli\picocli\4.7.5\picocli-4.7.5.jar;C:\Users\dkrishnakumar\.m2\repository\io\github\classgraph\classgraph\4.8.170\classgraph-4.8.170.jar;C:\Users\dkrishnakumar\.m2\repository\io\github\t12y\resemble\1.1.0\resemble-1.1.0.jar;C:\Users\dkrishnakumar\.m2\repository\io\github\t12y\ssim\1.0.0\ssim-1.0.0.jar;C:\Users\dkrishnakumar\.m2\repository\org\junit\jupiter\junit-jupiter-api\5.10.2\junit-jupiter-api-5.10.2.jar;C:\Users\dkrishnakumar\.m2\repository\org\opentest4j\opentest4j\1.3.0\opentest4j-1.3.0.jar;C:\Users\dkrishnakumar\.m2\repository\org\junit\platform\junit-platform-commons\1.10.2\junit-platform-commons-1.10.2.jar;C:\Users\dkrishnakumar\.m2\repository\org\apiguardian\apiguardian-api\1.1.2\apiguardian-api-1.1.2.jar;C:\Users\dkrishnakumar\.m2\repository\org\junit\jupiter\junit-jupiter-engine\5.10.2\junit-jupiter-engine-5.10.2.jar;C:\Users\dkrishnakumar\.m2\repository\org\junit\platform\junit-platform-engine\1.10.2\junit-platform-engine-1.10.2.jar;C:\Users\dkrishnakumar\.m2\repository\com\github\javafaker\javafaker\1.0.2\javafaker-1.0.2.jar;C:\Users\dkrishnakumar\.m2\repository\org\apache\commons\commons-lang3\3.5\commons-lang3-3.5.jar;C:\Users\dkrishnakumar\.m2\repository\org\yaml\snakeyaml\1.23\snakeyaml-1.23-android.jar;C:\Users\dkrishnakumar\.m2\repository\com\github\mifmif\generex\1.0.2\generex-1.0.2.jar;C:\Users\dkrishnakumar\.m2\repository\dk\brics\automaton\automaton\1.11-8\automaton-1.11-8.jar;"/>
    <property name="sun.cpu.endian" value="little"/>
    <property name="user.home" value="C:\Users\dkrishnakumar"/>
    <property name="user.language" value="fr"/>
    <property name="java.specification.vendor" value="Oracle Corporation"/>
    <property name="java.version.date" value="2021-09-14"/>
    <property name="java.home" value="C:\Program Files\Java\jdk-17"/>
    <property name="file.separator" value="\"/>
    <property name="basedir" value="C:\Karate_Sessions\KarateDinesh"/>
    <property name="java.vm.compressedOopsMode" value="Zero based"/>
    <property name="line.separator" value="&#10;"/>
    <property name="java.vm.specification.vendor" value="Oracle Corporation"/>
    <property name="java.specification.name" value="Java Platform API Specification"/>
    <property name="karate.options" value="--tags @debug"/>
    <property name="surefire.real.class.path" value="C:\Users\dkrishnakumar\AppData\Local\Temp\surefire17949241577278370400\surefirebooter-20241113182652005_3.jar"/>
    <property name="user.script" value=""/>
    <property name="sun.management.compiler" value="HotSpot 64-Bit Tiered Compilers"/>
    <property name="java.runtime.version" value="17+35-LTS-2724"/>
    <property name="user.name" value="dkrishnakumar"/>
    <property name="path.separator" value=";"/>
    <property name="os.version" value="10.0"/>
    <property name="java.runtime.name" value="Java(TM) SE Runtime Environment"/>
    <property name="file.encoding" value="UTF-8"/>
    <property name="java.vm.name" value="Java HotSpot(TM) 64-Bit Server VM"/>
    <property name="localRepository" value="C:\Users\dkrishnakumar\.m2\repository"/>
    <property name="java.vendor.url.bug" value="https://bugreport.java.com/bugreport/"/>
    <property name="java.io.tmpdir" value="C:\Users\DKRISH~1\AppData\Local\Temp\"/>
    <property name="java.version" value="17"/>
    <property name="user.dir" value="C:\Karate_Sessions\KarateDinesh"/>
    <property name="os.arch" value="amd64"/>
    <property name="java.vm.specification.name" value="Java Virtual Machine Specification"/>
    <property name="sun.os.patch.level" value=""/>
    <property name="native.encoding" value="Cp1252"/>
    <property name="java.library.path" value="C:\Program Files\Java\jdk-17\bin;C:\WINDOWS\Sun\Java\bin;C:\WINDOWS\system32;C:\WINDOWS;C:\Users\dkrishnakumar\bin;C:\Program Files\Git\mingw64\bin;C:\Program Files\Git\usr\local\bin;C:\Program Files\Git\usr\bin;C:\Program Files\Git\usr\bin;C:\Program Files\Git\mingw64\bin;C:\Program Files\Git\usr\bin;C:\Users\dkrishnakumar\bin;C:\Program Files\Common Files\Oracle\Java\javapath;C:\Program Files (x86)\Common Files\Oracle\Java\javapath;C:\Program Files\Eclipse Adoptium\jdk-11.0.13.8-hotspot\bin;C:\WINDOWS\system32;C:\WINDOWS;C:\WINDOWS\System32\Wbem;C:\WINDOWS\System32\WindowsPowerShell\v1.0;C:\WINDOWS\System32\OpenSSH;C:\Program Files\nodejs;C:\ProgramData\chocolatey\bin;C:\Users\itmaster\AppData\Local\Android\Sdk;C:\Users\itmaster\AppData\Local\Android\Sdk\tools;C:\Users\itmaster\AppData\Local\Android\Sdk\platforms;C:\Users\itmaster\AppData\Local\Android\Sdk\platform-tools;C:\Users\itmaster\AppData\Local\Android\Sdk\platforms\android-32;C:\Users\itmaster\AppData\Local\Android\Sdk\platforms\android-29;C:\Users\itmaster\AppData\Local\Android\Sdk\platforms\android-30;C:\Program Files\nodejs;C:\Users\dkrishnakumar\AppData\Roaming\Python\Python39\Scripts;C:\Program Files\Java\jdk-11\bin;C:\Program Files\Java\jdk1.8.0_333\bin;C:\Program Files\Eclipse Adoptium\jdk-11.0.13.8-hotspot;C:\Program Files\Eclipse Adoptium\jdk-11.0.13.8-hotspot\bin;C:\Users\dkrishnakumar\AppData\Roaming\npm;C:\Users\dkrishnakumar\AppData\Roaming\npm\node_modules;C:\Users\dkrishnakumar\AppData\Roaming\npm;C:\Program Files\nodej;.;C:\Program Files\nodejs;C:\Users\itmaster\AppData\Local\Programs\Python\Python39;C:\Users\itmaster\AppData\Local\Programs\Python\Python39\Scripts;C:\Users\itmaster\AppData\Local\Programs\Python\Python39\Scripts;C:\Program Files\Git\cmd;C:\Program Files\Git\;C:\Users\itmaster\AppData\Local\Programs\Python\Python39\Scripts;C:\Users\itmaster\AppData\Local\Programs\Python\Python39;Robot_Var_DX8000=21CECD8M6280;C:\Program Files\TortoiseGit\bin;C:\Program Files\Java\jdk-21\bin;C:\Gatling\soft\scala lts\scala3-3.3.3\bin;C:\Gatling\mvn\apache-maven-3.9.9\bin;C:\Program Files\GrafanaLabs\grafana\bin;C:\Program Files\Amazon\AWSCLIV2;C:\Program Files\Docker\Docker\resources\bin;C:\Program Files\Java\jdk-17\bin;C:\apache-maven-3.9.9\bin;C:\Program Files\Java\jdk-17\bin;C:\Gatling\mvn\apache-maven-3.9.9\bin;C:\Users\dkrishnakumar\AppData\Local\Programs\Eclipse Adoptium\jdk-17.0.12.7-hotspot\bin;C:\Users\dkrishnakumar\AppData\Local\Microsoft\WindowsApps;C:\Users\dkrishnakumar\AppData\Roaming\npm;C:\Users\dkrishnakumar\AppData\Local\Programs\Microsoft VS Code\bin;C:\Users\dkrishnakumar\AppData\Local\JetBrains\IntelliJ IDEA Community Edition 2023.2.1\bin;C:\Users\dkrishnakumar\AppData\Local\Programs\AXIUM Toolkit;C:\Program Files\JetBrains\IntelliJ IDEA 2024.2.0.1\bin;C:\Program Files\JetBrains\IntelliJ IDEA Community Edition 2024.2.0.1\bin;C:\Program Files\Git\usr\bin\vendor_perl;C:\Program Files\Git\usr\bin\core_perl;."/>
    <property name="java.vm.info" value="mixed mode, sharing"/>
    <property name="java.vendor" value="Oracle Corporation"/>
    <property name="java.vm.version" value="17+35-LTS-2724"/>
    <property name="sun.io.unicode.encoding" value="UnicodeLittle"/>
    <property name="java.class.version" value="61.0"/>
  </properties>
  <testcase name="testParallel" classname="conduitApp.ConduitTest" time="6.144">
    <system-out><![CDATA[18:26:53.084 [main] INFO  com.intuit.karate.Runner - using system property 'karate.options': --tags @debug
18:26:54.282 [main] DEBUG com.intuit.karate.Suite - [config] classpath:karate-config.js
18:26:54.286 [main] INFO  com.intuit.karate.Suite - backed up existing 'target\karate-reports' dir to: target\karate-reports_1731518814282
18:26:54.291 [main] DEBUG com.intuit.karate.Suite - waiting for 3 features to complete
18:26:55.304 [pool-2-thread-2] INFO  com.intuit.karate - karate.env system property was: null 
18:26:55.304 [pool-2-thread-1] INFO  com.intuit.karate - karate.env system property was: null 
18:26:55.311 [pool-2-thread-2] INFO  com.intuit.karate - >> lock acquired, begin callSingle: classpath:helpers/CreateToken.feature
18:26:55.648 [pool-2-thread-2] DEBUG com.intuit.karate - request:
1 > POST https://conduit-api.bondaracademy.com/api/users/login
1 > Content-Type: application/json; charset=UTF-8
1 > Content-Length: 61
1 > Host: conduit-api.bondaracademy.com
1 > Connection: Keep-Alive
1 > User-Agent: Apache-HttpClient/4.5.14 (Java/17)
1 > Accept-Encoding: gzip,deflate
{"user":{"email":"dinesh@test.com","password":"dinesh12345"}}

18:26:56.092 [pool-2-thread-2] DEBUG com.intuit.karate - response time in milliseconds: 442
1 < 200
1 < x-powered-by: Express
1 < access-control-allow-origin: https://conduit.bondaracademy.com
1 < vary: Origin
1 < content-type: application/json; charset=utf-8
1 < etag: W/"134-HUVLAo8BmaLj6s+nmkmm23Y90FM"
1 < X-Cloud-Trace-Context: 9cf860bbbc083745f8d5b66c07111c30;o=1
1 < Date: Wed, 13 Nov 2024 17:26:43 GMT
1 < Server: Google Frontend
1 < Content-Length: 308
{"user":{"email":"dinesh@test.com","username":"dinesh90","bio":null,"image":"https://conduit-api.bondaracademy.com/images/smiley-cyrus.jpeg","token":"eyJhbGciOiJIUzI1NiIsInR5cCI6IkpXVCJ9.eyJ1c2VyIjp7ImlkIjoxMjk5OH0sImlhdCI6MTczMTUxODgwMywiZXhwIjoxNzM2NzAyODAzfQ.ZL16uPzW6oZteyzVdedszqbjblZ8iLr_PWm-ES2F0vg"}}

18:26:56.099 [pool-2-thread-2] INFO  com.intuit.karate - << lock released, cached callSingle: classpath:helpers/CreateToken.feature
18:26:56.099 [pool-2-thread-1] WARN  com.intuit.karate - this thread waited 788 milliseconds for callSingle lock: classpath:helpers/CreateToken.feature
18:26:56.345 [pool-2-thread-2] DEBUG com.intuit.karate - request:
1 > POST https://conduit-api.bondaracademy.com/api/articles
1 > Authorization: Token eyJhbGciOiJIUzI1NiIsInR5cCI6IkpXVCJ9.eyJ1c2VyIjp7ImlkIjoxMjk5OH0sImlhdCI6MTczMTUxODgwMywiZXhwIjoxNzM2NzAyODAzfQ.ZL16uPzW6oZteyzVdedszqbjblZ8iLr_PWm-ES2F0vg
1 > Content-Type: application/json; charset=UTF-8
1 > Content-Length: 182
1 > Host: conduit-api.bondaracademy.com
1 > Connection: Keep-Alive
1 > User-Agent: Apache-HttpClient/4.5.14 (Java/17)
1 > Accept-Encoding: gzip,deflate
{"article":{"title":"Noho Dimittis","description":"Mantarys","body":"When the snows fall and the white winds blow, the lone wolf dies but the pack survives.","tagList":["dddfsqdf"]}}

18:26:56.347 [pool-2-thread-1] DEBUG com.intuit.karate - request:
1 > POST https://conduit-api.bondaracademy.com/api/articles
1 > Authorization: Token eyJhbGciOiJIUzI1NiIsInR5cCI6IkpXVCJ9.eyJ1c2VyIjp7ImlkIjoxMjk5OH0sImlhdCI6MTczMTUxODgwMywiZXhwIjoxNzM2NzAyODAzfQ.ZL16uPzW6oZteyzVdedszqbjblZ8iLr_PWm-ES2F0vg
1 > Content-Type: application/json; charset=UTF-8
1 > Content-Length: 156
1 > Host: conduit-api.bondaracademy.com
1 > Connection: Keep-Alive
1 > User-Agent: Apache-HttpClient/4.5.14 (Java/17)
1 > Accept-Encoding: gzip,deflate
{"article":{"title":"Eustace","description":"Myr","body":"Some old wounds never truly heal, and bleed again at the slightest word.","tagList":["dddfsqdf"]}}

18:26:56.638 [pool-2-thread-2] DEBUG com.intuit.karate - response time in milliseconds: 292
1 < 201
1 < x-powered-by: Express
1 < access-control-allow-origin: https://conduit.bondaracademy.com
1 < vary: Origin
1 < content-type: application/json; charset=utf-8
1 < etag: W/"1cd-TwyB6Hq7/V8MvUnazSj+9cuF/CM"
1 < X-Cloud-Trace-Context: 5833b0addc85769ef862f734d7fa02f8
1 < Date: Wed, 13 Nov 2024 17:26:43 GMT
1 < Server: Google Frontend
1 < Content-Length: 461
{"article":{"slug":"Noho-Dimittis-12998","title":"Noho Dimittis","description":"Mantarys","body":"When the snows fall and the white winds blow, the lone wolf dies but the pack survives.","tagList":["dddfsqdf"],"createdAt":"2024-11-13T17:26:43.591Z","updatedAt":"2024-11-13T17:26:43.591Z","favorited":false,"favoritesCount":0,"author":{"username":"dinesh90","bio":null,"image":"https://conduit-api.bondaracademy.com/images/smiley-cyrus.jpeg","following":false}}}

18:26:56.638 [pool-2-thread-1] DEBUG com.intuit.karate - response time in milliseconds: 289
1 < 201
1 < x-powered-by: Express
1 < access-control-allow-origin: https://conduit.bondaracademy.com
1 < vary: Origin
1 < content-type: application/json; charset=utf-8
1 < etag: W/"1ad-u+wuX5ht7Ide6615Yct/S9sSyAQ"
1 < X-Cloud-Trace-Context: c9ec89895d0c61aa47206320bd1b16b3
1 < Date: Wed, 13 Nov 2024 17:26:43 GMT
1 < Server: Google Frontend
1 < Content-Length: 429
{"article":{"slug":"Eustace-12998","title":"Eustace","description":"Myr","body":"Some old wounds never truly heal, and bleed again at the slightest word.","tagList":["dddfsqdf"],"createdAt":"2024-11-13T17:26:43.598Z","updatedAt":"2024-11-13T17:26:43.598Z","favorited":false,"favoritesCount":0,"author":{"username":"dinesh90","bio":null,"image":"https://conduit-api.bondaracademy.com/images/smiley-cyrus.jpeg","following":false}}}

18:26:56.651 [pool-2-thread-2] DEBUG com.intuit.karate - request:
2 > GET https://conduit-api.bondaracademy.com/api/articles?limit=10&offset=0
2 > Authorization: Token eyJhbGciOiJIUzI1NiIsInR5cCI6IkpXVCJ9.eyJ1c2VyIjp7ImlkIjoxMjk5OH0sImlhdCI6MTczMTUxODgwMywiZXhwIjoxNzM2NzAyODAzfQ.ZL16uPzW6oZteyzVdedszqbjblZ8iLr_PWm-ES2F0vg
2 > Host: conduit-api.bondaracademy.com
2 > Connection: Keep-Alive
2 > User-Agent: Apache-HttpClient/4.5.14 (Java/17)
2 > Accept-Encoding: gzip,deflate


18:26:56.959 [pool-2-thread-2] DEBUG com.intuit.karate - response time in milliseconds: 307
2 < 200
2 < x-powered-by: Express
2 < access-control-allow-origin: https://conduit.bondaracademy.com
2 < vary: Origin
2 < content-type: application/json; charset=utf-8
2 < etag: W/"1076-uk2fkv/qCw/LP5B1x2ICPyl/Ay0"
2 < X-Cloud-Trace-Context: a9c101638795000b26bee9a22d47ba11
2 < Date: Wed, 13 Nov 2024 17:26:44 GMT
2 < Server: Google Frontend
2 < Content-Length: 4214
{"articles":[{"slug":"Eustace-12998","title":"Eustace","description":"Myr","body":"Some old wounds never truly heal, and bleed again at the slightest word.","tagList":["dddfsqdf"],"createdAt":"2024-11-13T17:26:43.598Z","updatedAt":"2024-11-13T17:26:43.598Z","favorited":false,"favoritesCount":0,"author":{"username":"dinesh90","bio":null,"image":"https://conduit-api.bondaracademy.com/images/smiley-cyrus.jpeg","following":false}},{"slug":"Noho-Dimittis-12998","title":"Noho Dimittis","description":"Mantarys","body":"When the snows fall and the white winds blow, the lone wolf dies but the pack survives.","tagList":["dddfsqdf"],"createdAt":"2024-11-13T17:26:43.591Z","updatedAt":"2024-11-13T17:26:43.591Z","favorited":false,"favoritesCount":0,"author":{"username":"dinesh90","bio":null,"image":"https://conduit-api.bondaracademy.com/images/smiley-cyrus.jpeg","following":false}},{"slug":"Black-Balaq-12998","title":"Black Balaq","description":"Braavos","body":"A lion doesn't concern itself with the opinion of sheep.","tagList":["dddfsqdf"],"createdAt":"2024-11-13T17:26:07.547Z","updatedAt":"2024-11-13T17:26:07.547Z","favorited":false,"favoritesCount":0,"author":{"username":"dinesh90","bio":null,"image":"https://conduit-api.bondaracademy.com/images/smiley-cyrus.jpeg","following":false}},{"slug":"Colemon-12998","title":"Colemon","description":"Meereen","body":"... a mind needs books as a sword needs a whetstone, if it is to keep its edge.","tagList":["dddfsqdf"],"createdAt":"2024-11-13T17:17:07.553Z","updatedAt":"2024-11-13T17:17:07.553Z","favorited":false,"favoritesCount":0,"author":{"username":"dinesh90","bio":null,"image":"https://conduit-api.bondaracademy.com/images/smiley-cyrus.jpeg","following":false}},{"slug":"Othor-12998","title":"Othor","description":"White Harbor","body":"When the snows fall and the white winds blow, the lone wolf dies but the pack survives.","tagList":["dddfsqdf"],"createdAt":"2024-11-13T17:17:07.527Z","updatedAt":"2024-11-13T17:17:07.527Z","favorited":false,"favoritesCount":0,"author":{"username":"dinesh90","bio":null,"image":"https://conduit-api.bondaracademy.com/images/smiley-cyrus.jpeg","following":false}},{"slug":"Rattleshirt-12998","title":"Rattleshirt","description":"Sar Meel","body":"The things I do for love.","tagList":["dddfsqdf"],"createdAt":"2024-11-13T17:16:07.104Z","updatedAt":"2024-11-13T17:16:07.104Z","favorited":false,"favoritesCount":0,"author":{"username":"dinesh90","bio":null,"image":"https://conduit-api.bondaracademy.com/images/smiley-cyrus.jpeg","following":false}},{"slug":"Nestor-Royce-12998","title":"Nestor Royce","description":"Ny Sar","body":"When you play a game of thrones you win or you die.","tagList":["dddfsqdf"],"createdAt":"2024-11-13T17:16:07.094Z","updatedAt":"2024-11-13T17:16:07.094Z","favorited":false,"favoritesCount":0,"author":{"username":"dinesh90","bio":null,"image":"https://conduit-api.bondaracademy.com/images/smiley-cyrus.jpeg","following":false}},{"slug":"Rafe-12998","title":"Rafe","description":"Qarth","body":"Some old wounds never truly heal, and bleed again at the slightest word.","tagList":["dddfsqdf"],"createdAt":"2024-11-13T17:14:09.834Z","updatedAt":"2024-11-13T17:14:09.834Z","favorited":false,"favoritesCount":0,"author":{"username":"dinesh90","bio":null,"image":"https://conduit-api.bondaracademy.com/images/smiley-cyrus.jpeg","following":false}},{"slug":"Daeron-II-Targaryen-12998","title":"Daeron II Targaryen","description":"Lannisport","body":"When you play a game of thrones you win or you die.","tagList":["dddfsqdf"],"createdAt":"2024-11-13T17:14:09.820Z","updatedAt":"2024-11-13T17:14:09.820Z","favorited":false,"favoritesCount":0,"author":{"username":"dinesh90","bio":null,"image":"https://conduit-api.bondaracademy.com/images/smiley-cyrus.jpeg","following":false}},{"slug":"Byron-12998","title":"Byron","description":"Asshai","body":"Summer will end soon enough, and childhood as well.","tagList":["dddfsqdf"],"createdAt":"2024-11-13T17:13:12.874Z","updatedAt":"2024-11-13T17:13:12.874Z","favorited":false,"favoritesCount":0,"author":{"username":"dinesh90","bio":null,"image":"https://conduit-api.bondaracademy.com/images/smiley-cyrus.jpeg","following":false}}],"articlesCount":37}

18:26:56.971 [pool-2-thread-2] DEBUG com.intuit.karate - request:
3 > DELETE https://conduit-api.bondaracademy.com/api/articles/Noho-Dimittis-12998
3 > Authorization: Token eyJhbGciOiJIUzI1NiIsInR5cCI6IkpXVCJ9.eyJ1c2VyIjp7ImlkIjoxMjk5OH0sImlhdCI6MTczMTUxODgwMywiZXhwIjoxNzM2NzAyODAzfQ.ZL16uPzW6oZteyzVdedszqbjblZ8iLr_PWm-ES2F0vg
3 > Host: conduit-api.bondaracademy.com
3 > Connection: Keep-Alive
3 > User-Agent: Apache-HttpClient/4.5.14 (Java/17)
3 > Accept-Encoding: gzip,deflate


18:26:57.161 [pool-2-thread-2] DEBUG com.intuit.karate - response time in milliseconds: 189
3 < 204
3 < x-powered-by: Express
3 < access-control-allow-origin: https://conduit.bondaracademy.com
3 < vary: Origin
3 < etag: W/"a-bAsFyilMr4Ra1hIU5PyoyFRunpI"
3 < X-Cloud-Trace-Context: 6d5a0897f87563fe20b96d4c3ee5ce7f
3 < Date: Wed, 13 Nov 2024 17:26:44 GMT
3 < Content-Type: text/html
3 < Server: Google Frontend
3 < Content-Length: 0


18:26:57.164 [pool-2-thread-2] DEBUG com.intuit.karate - request:
4 > GET https://conduit-api.bondaracademy.com/api/articles?limit=10&offset=0
4 > Authorization: Token eyJhbGciOiJIUzI1NiIsInR5cCI6IkpXVCJ9.eyJ1c2VyIjp7ImlkIjoxMjk5OH0sImlhdCI6MTczMTUxODgwMywiZXhwIjoxNzM2NzAyODAzfQ.ZL16uPzW6oZteyzVdedszqbjblZ8iLr_PWm-ES2F0vg
4 > Host: conduit-api.bondaracademy.com
4 > Connection: Keep-Alive
4 > User-Agent: Apache-HttpClient/4.5.14 (Java/17)
4 > Accept-Encoding: gzip,deflate


18:26:57.459 [pool-2-thread-2] DEBUG com.intuit.karate - response time in milliseconds: 294
4 < 200
4 < x-powered-by: Express
4 < access-control-allow-origin: https://conduit.bondaracademy.com
4 < vary: Origin
4 < content-type: application/json; charset=utf-8
4 < etag: W/"1074-nsXH/fkYKX46Chwvo/RFRKMV4Vw"
4 < X-Cloud-Trace-Context: 0ff47837eeedd9af629dc688713e31d7
4 < Date: Wed, 13 Nov 2024 17:26:44 GMT
4 < Server: Google Frontend
4 < Content-Length: 4212
{"articles":[{"slug":"Eustace-12998","title":"Eustace","description":"Myr","body":"Some old wounds never truly heal, and bleed again at the slightest word.","tagList":["dddfsqdf"],"createdAt":"2024-11-13T17:26:43.598Z","updatedAt":"2024-11-13T17:26:43.598Z","favorited":false,"favoritesCount":0,"author":{"username":"dinesh90","bio":null,"image":"https://conduit-api.bondaracademy.com/images/smiley-cyrus.jpeg","following":false}},{"slug":"Black-Balaq-12998","title":"Black Balaq","description":"Braavos","body":"A lion doesn't concern itself with the opinion of sheep.","tagList":["dddfsqdf"],"createdAt":"2024-11-13T17:26:07.547Z","updatedAt":"2024-11-13T17:26:07.547Z","favorited":false,"favoritesCount":0,"author":{"username":"dinesh90","bio":null,"image":"https://conduit-api.bondaracademy.com/images/smiley-cyrus.jpeg","following":false}},{"slug":"Colemon-12998","title":"Colemon","description":"Meereen","body":"... a mind needs books as a sword needs a whetstone, if it is to keep its edge.","tagList":["dddfsqdf"],"createdAt":"2024-11-13T17:17:07.553Z","updatedAt":"2024-11-13T17:17:07.553Z","favorited":false,"favoritesCount":0,"author":{"username":"dinesh90","bio":null,"image":"https://conduit-api.bondaracademy.com/images/smiley-cyrus.jpeg","following":false}},{"slug":"Othor-12998","title":"Othor","description":"White Harbor","body":"When the snows fall and the white winds blow, the lone wolf dies but the pack survives.","tagList":["dddfsqdf"],"createdAt":"2024-11-13T17:17:07.527Z","updatedAt":"2024-11-13T17:17:07.527Z","favorited":false,"favoritesCount":0,"author":{"username":"dinesh90","bio":null,"image":"https://conduit-api.bondaracademy.com/images/smiley-cyrus.jpeg","following":false}},{"slug":"Rattleshirt-12998","title":"Rattleshirt","description":"Sar Meel","body":"The things I do for love.","tagList":["dddfsqdf"],"createdAt":"2024-11-13T17:16:07.104Z","updatedAt":"2024-11-13T17:16:07.104Z","favorited":false,"favoritesCount":0,"author":{"username":"dinesh90","bio":null,"image":"https://conduit-api.bondaracademy.com/images/smiley-cyrus.jpeg","following":false}},{"slug":"Nestor-Royce-12998","title":"Nestor Royce","description":"Ny Sar","body":"When you play a game of thrones you win or you die.","tagList":["dddfsqdf"],"createdAt":"2024-11-13T17:16:07.094Z","updatedAt":"2024-11-13T17:16:07.094Z","favorited":false,"favoritesCount":0,"author":{"username":"dinesh90","bio":null,"image":"https://conduit-api.bondaracademy.com/images/smiley-cyrus.jpeg","following":false}},{"slug":"Rafe-12998","title":"Rafe","description":"Qarth","body":"Some old wounds never truly heal, and bleed again at the slightest word.","tagList":["dddfsqdf"],"createdAt":"2024-11-13T17:14:09.834Z","updatedAt":"2024-11-13T17:14:09.834Z","favorited":false,"favoritesCount":0,"author":{"username":"dinesh90","bio":null,"image":"https://conduit-api.bondaracademy.com/images/smiley-cyrus.jpeg","following":false}},{"slug":"Daeron-II-Targaryen-12998","title":"Daeron II Targaryen","description":"Lannisport","body":"When you play a game of thrones you win or you die.","tagList":["dddfsqdf"],"createdAt":"2024-11-13T17:14:09.820Z","updatedAt":"2024-11-13T17:14:09.820Z","favorited":false,"favoritesCount":0,"author":{"username":"dinesh90","bio":null,"image":"https://conduit-api.bondaracademy.com/images/smiley-cyrus.jpeg","following":false}},{"slug":"Byron-12998","title":"Byron","description":"Asshai","body":"Summer will end soon enough, and childhood as well.","tagList":["dddfsqdf"],"createdAt":"2024-11-13T17:13:12.874Z","updatedAt":"2024-11-13T17:13:12.874Z","favorited":false,"favoritesCount":0,"author":{"username":"dinesh90","bio":null,"image":"https://conduit-api.bondaracademy.com/images/smiley-cyrus.jpeg","following":false}},{"slug":"Mathos-Mallarawan-12998","title":"Mathos Mallarawan","description":"Asshai","body":"... a mind needs books as a sword needs a whetstone, if it is to keep its edge.","tagList":["dddfsqdf"],"createdAt":"2024-11-13T17:13:12.870Z","updatedAt":"2024-11-13T17:13:12.870Z","favorited":false,"favoritesCount":0,"author":{"username":"dinesh90","bio":null,"image":"https://conduit-api.bondaracademy.com/images/smiley-cyrus.jpeg","following":false}}],"articlesCount":36}

---------------------------------------------------------
feature: classpath:conduitApp/feature/Articles.feature
scenarios:  2 | passed:  2 | failed:  0 | time: 1,8951
---------------------------------------------------------

18:26:58.701 [pool-3-thread-1] INFO  com.intuit.karate.Suite - <<pass>> feature 1 of 3 (2 remaining) classpath:conduitApp/feature/Articles.feature
Karate version: 1.5.0
======================================================
elapsed:   5,62 | threads:    5 | thread time: 1,90 
features:     1 | skipped:    2 | efficiency: 0,07
scenarios:    2 | passed:     2 | failed: 0
======================================================

HTML report: (paste into browser to view) | Karate version: 1.5.0
file:///C:/Karate_Sessions/KarateDinesh/target/karate-reports/karate-summary.html
===================================================================

]]></system-out>
  </testcase>
</testsuite>